/BATCH  
/COM,ANSYS RELEASE Release 16.2      BUILD 16.2      UP20150629       21:16:47
/input,menust,tmp,''
/GRA,POWER
/GST,ON
/PLO,INFO,3
/GRO,CURL,ON
/CPLANE,1   
/REPLOT,RESIZE  
WPSTYLE,,,,,,,,0
c   
/COM,ANSYS RELEASE Release 16.2      BUILD 16.2      UP20150629       21:17:10
resume,6_08,db,,0   
/COM,ANSYS RELEASE Release 16.2      BUILD 16.2      UP20150629       21:17:11
/POST1  
!*  
/EFACET,1   
PLNSOL, EPPL,X, 0,1.0   
!*  
/EFACET,1   
PLNSOL, U,X, 0,1.0  
!*  
/EFACET,1   
PLNSOL, TOPO,, 0,1.0
!*  
/EFACET,1   
PLNSOL, NL,PSV, 0,1.0   
!*  
/EFACET,1   
PLNSOL, NL,PLWK, 0,1.0  
!*  
/EFACET,1   
PLNSOL, NL,PSV, 0,1.0   
!*  
PLESOL, SENE,, 0,1.0
/ZOOM,1,RECT,0.477312,-0.114991 ,0.960017861624 ,-0.590035879847
/ZOOM,1,RECT,-0.118528,0.209246 ,0.824256808525 ,-0.461849171127
/DIST,1,1.08222638492,1 
/REP,FAST   
/DIST,1,1.08222638492,1 
/REP,FAST   
/DIST,1,1.08222638492,1 
/REP,FAST   
/DIST,1,1.08222638492,1 
/REP,FAST   
/DIST,1,1.08222638492,1 
/REP,FAST   
/DIST,1,1.08222638492,1 
/REP,FAST   
/DIST,1,1.08222638492,1 
/REP,FAST   
/DIST,1,1.08222638492,1 
/REP,FAST   
/DIST,1,1.08222638492,1 
/REP,FAST   
/DIST,1,1.08222638492,1 
/REP,FAST   
/DIST,1,1.08222638492,1 
/REP,FAST   
/DIST,1,1.08222638492,1 
/REP,FAST   
/DIST,1,1.08222638492,1 
/REP,FAST   
/DIST,1,1.08222638492,1 
/REP,FAST   
/DIST,1,1.08222638492,1 
/REP,FAST   
/DIST,1,1.08222638492,1 
/REP,FAST   
/DIST,1,1.08222638492,1 
/REP,FAST   
/DIST,1,1.08222638492,1 
/REP,FAST   
/DIST,1,1.08222638492,1 
/REP,FAST   
/DIST,1,1.08222638492,1 
/REP,FAST   
/DIST,1,1.08222638492,1 
/REP,FAST   
c   
/COM,ANSYS RELEASE Release 16.2      BUILD 16.2      UP20150629       21:22:24
resume,6_08,db,,0   
/COM,ANSYS RELEASE Release 16.2      BUILD 16.2      UP20150629       21:22:24
show
/DIST,1,1.08222638492,1 
/REP,FAST   
/DIST,1,1.08222638492,1 
/REP,FAST   
/POST1  
/DIST,1,1.08222638492,1 
/REP,FAST   
c   
/COM,ANSYS RELEASE Release 16.2      BUILD 16.2      UP20150629       21:22:47
resume,6_08,db,,0   
/COM,ANSYS RELEASE Release 16.2      BUILD 16.2      UP20150629       21:22:48
csys,101
nsel,u,loc,s,0,t
ESLN,U,1
nsel,u,loc,x,0,t
ESLN,U,1
/DIST,1,1.08222638492,1 
/REP,FAST   
EPLOT   
/DIST,1,1.08222638492,1 
/REP,FAST   
NPLOT   
/DIST,1,1.08222638492,1 
/REP,FAST   
/DIST,1,1.08222638492,1 
/REP,FAST   
/DIST,1,0.924021086472,1
/REP,FAST   
/DIST,1,0.924021086472,1
/REP,FAST   
/DIST,1,0.924021086472,1
/REP,FAST   
EPLOT   
/POST1  
!*  
/EFACET,1   
PLNSOL, U,SUM, 0,1.0
c   
/COM,ANSYS RELEASE Release 16.2      BUILD 16.2      UP20150629       21:24:40
resume,6_08,db,,0   
/COM,ANSYS RELEASE Release 16.2      BUILD 16.2      UP20150629       21:24:41
csys,101
nsel,s,loc,x,0,t
ESLN,U,1
/DIST,1,1.08222638492,1 
/REP,FAST   
/DIST,1,1.08222638492,1 
/REP,FAST   
/DIST,1,0.924021086472,1
/REP,FAST   
/DIST,1,0.924021086472,1
/REP,FAST   
/DIST,1,0.924021086472,1
/REP,FAST   
/DIST,1,0.924021086472,1
/REP,FAST   
/DIST,1,0.924021086472,1
/REP,FAST   
/DIST,1,0.924021086472,1
/REP,FAST   
/DIST,1,1.08222638492,1 
/REP,FAST   
/DIST,1,1.08222638492,1 
/REP,FAST   
/DIST,1,1.08222638492,1 
/REP,FAST   
/DIST,1,1.08222638492,1 
/REP,FAST   
/DIST,1,1.08222638492,1 
/REP,FAST   
/DIST,1,1.08222638492,1 
/REP,FAST   
/DIST,1,1.08222638492,1 
/REP,FAST   
/DIST,1,0.924021086472,1
/REP,FAST   
/DIST,1,0.924021086472,1
/REP,FAST   
/DIST,1,0.924021086472,1
/REP,FAST   
/DIST,1,0.924021086472,1
/REP,FAST   
/DIST,1,0.924021086472,1
/REP,FAST   
/DIST,1,0.924021086472,1
/REP,FAST   
csys,101
nsel,s,loc,x,t*1.5,100*t
ESLN,U,1
/DIST,1,1.08222638492,1 
/REP,FAST   
/DIST,1,1.08222638492,1 
/REP,FAST   
/DIST,1,1.08222638492,1 
/REP,FAST   
/DIST,1,0.924021086472,1
/REP,FAST   
/DIST,1,0.924021086472,1
/REP,FAST   
/DIST,1,0.924021086472,1
/REP,FAST   
/DIST,1,0.924021086472,1
/REP,FAST   
esel,all
/DIST,1,1.08222638492,1 
/REP,FAST   
/DIST,1,1.08222638492,1 
/REP,FAST   
/DIST,1,1.08222638492,1 
/REP,FAST   
/DIST,1,1.08222638492,1 
/REP,FAST   
/DIST,1,1.08222638492,1 
/REP,FAST   
/DIST,1,1.08222638492,1 
/REP,FAST   
csys,101
nsel,s,loc,x,t*1.5,100*t
ESLN,U,1
/DIST,1,1.08222638492,1 
/REP,FAST   
/ZOOM,1,RECT,-0.0280209,0.246948 ,0.74129172052 ,-0.26579891073 
/POST1  
!*  
PLESOL, SENE,, 0,1.0
/DIST,1,1.08222638492,1 
/REP,FAST   
/DIST,1,1.08222638492,1 
/REP,FAST   
/DIST,1,1.08222638492,1 
/REP,FAST   
/DIST,1,1.08222638492,1 
/REP,FAST   
/DIST,1,1.08222638492,1 
/REP,FAST   
/DIST,1,1.08222638492,1 
/REP,FAST   
/DIST,1,1.08222638492,1 
/REP,FAST   
/DIST,1,1.08222638492,1 
/REP,FAST   
/DIST,1,1.08222638492,1 
/REP,FAST   
/DIST,1,1.08222638492,1 
/REP,FAST   
/DIST,1,1.08222638492,1 
/REP,FAST   
/DIST,1,1.08222638492,1 
/REP,FAST   
/DIST,1,1.08222638492,1 
/REP,FAST   
/VIEW,  1, -0.846981185352E-01, -0.723600829483    ,  0.685002239623
/ANG,   1,   6.89902581792  
/REPLO  
/VIEW,  1, -0.119285717925E-01, -0.987331149387    ,  0.158224241582
/ANG,   1,   4.88888118617  
/REPLO  
/VIEW,  1,  0.623266813371E-01, -0.747568661750    , -0.661253718903
/ANG,   1,  -171.175131203  
/REPLO  
/VIEW,  1,  0.276389935542E-01, -0.122521448532    , -0.992080934544
/ANG,   1,  -172.694626204  
/REPLO  
/VIEW,  1,  0.227236058150E-01, -0.996140950955    , -0.847752532873E-01
/ANG,   1,  -169.757070110  
/REPLO  
/VIEW,  1, -0.564261110914E-01, -0.614972485874    ,  0.786527135962
/ANG,   1,  -1.13408099131  
/REPLO  
/VIEW,  1, -0.156939053676    ,  0.100817619269    ,  0.982448950875
/ANG,   1, -0.879228127359  
/REPLO  
/VIEW,  1, -0.584269936222    ,  0.247817414718    ,  0.772796978896
/ANG,   1,  -6.68393822847  
/REPLO  
EPLOT   
/VIEW,  1, -0.197131881079    ,  0.143956335293    ,  0.969750274551
/ANG,   1,  -1.74963783933  
/REPLO  
/VIEW,  1, -0.124733199571    ,  0.125078404832    ,  0.984274870943
/ANG,   1,  -1.20660885652  
/REPLO  
!*  
PLESOL, SENE,, 0,1.0
/ZOOM,1,RECT,-0.0431055,0.29219 ,0.779003124158 ,-0.341202857036
/VIEW,  1, -0.939337930843    ,  0.380661522780E-01,  0.340874199274
/ANG,   1,   11.0963687287  
/REPLO  
/VIEW,  1, -0.611706259470    ,  0.272355988258    , -0.742723143429
/ANG,   1,  -6.47295710548  
/REPLO  
/VIEW,  1, -0.137751874578    , -0.618785831380E-01, -0.988531973180
/ANG,   1,  -7.84902953548  
/REPLO  
/VIEW,  1, -0.897725056320    ,  0.120014509637    ,  0.423894138592
/ANG,   1,  -8.76314239952  
/REPLO  
/VIEW,  1,  0.548764515061E-01,  0.288137590609    ,  0.956015326210
/ANG,   1,  0.519179885317  
/REPLO  
c   
/COM,ANSYS RELEASE Release 16.2      BUILD 16.2      UP20150629       21:27:24
c   
/COM,ANSYS RELEASE Release 16.2      BUILD 16.2      UP20150629       21:27:30
resume,6_08,db,,0   
/COM,ANSYS RELEASE Release 16.2      BUILD 16.2      UP20150629       21:27:31
show
show
/DIST,1,1.08222638492,1 
/REP,FAST   
/DIST,1,1.08222638492,1 
/REP,FAST   
/DIST,1,1.08222638492,1 
/REP,FAST   
esel,all
/DIST,1,1.08222638492,1 
/REP,FAST   
/DIST,1,0.924021086472,1
/REP,FAST   
/DIST,1,0.924021086472,1
/REP,FAST   
/DIST,1,0.924021086472,1
/REP,FAST   
/DIST,1,0.924021086472,1
/REP,FAST   
/DIST,1,0.924021086472,1
/REP,FAST   
esel,all
/DIST,1,1.08222638492,1 
/REP,FAST   
/DIST,1,1.08222638492,1 
/REP,FAST   
/DIST,1,1.08222638492,1 
/REP,FAST   
c   
/COM,ANSYS RELEASE Release 16.2      BUILD 16.2      UP20150629       21:28:48
resume,6_08,db,,0   
/COM,ANSYS RELEASE Release 16.2      BUILD 16.2      UP20150629       21:28:48
show
/DIST,1,1.08222638492,1 
/REP,FAST   
/DIST,1,1.08222638492,1 
/REP,FAST   
/DIST,1,1.08222638492,1 
/REP,FAST   
/DIST,1,1.08222638492,1 
/REP,FAST   
/DIST,1,1.08222638492,1 
/REP,FAST   
/DIST,1,1.08222638492,1 
/REP,FAST   
c   
/COM,ANSYS RELEASE Release 16.2      BUILD 16.2      UP20150629       21:29:08
resume,6_08,db,,0   
/COM,ANSYS RELEASE Release 16.2      BUILD 16.2      UP20150629       21:29:08
csys,101
nsel,s,loc,x,0,t
ESLN,U,1
/DIST,1,1.08222638492,1 
/REP,FAST   
/DIST,1,1.08222638492,1 
/REP,FAST   
c   
/COM,ANSYS RELEASE Release 16.2      BUILD 16.2      UP20150629       21:29:41
resume,6_08,db,,0   
/COM,ANSYS RELEASE Release 16.2      BUILD 16.2      UP20150629       21:29:42
csys,101
nsel,s,loc,x,t,H
ESLN,U,1
/DIST,1,1.08222638492,1 
/REP,FAST   
/DIST,1,1.08222638492,1 
/REP,FAST   
nsel,all
/DIST,1,1.08222638492,1 
/REP,FAST   
esel,all
/DIST,1,1.08222638492,1 
/REP,FAST   
csys,101
nsel,s,loc,x,t,2*H  
ESLN,U,1
/DIST,1,1.08222638492,1 
/REP,FAST   
/DIST,1,0.924021086472,1
/REP,FAST   
/DIST,1,0.924021086472,1
/REP,FAST   
/DIST,1,0.924021086472,1
/REP,FAST   
/DIST,1,0.924021086472,1
/REP,FAST   
/DIST,1,0.924021086472,1
/REP,FAST   
/DIST,1,0.924021086472,1
/REP,FAST   
/DIST,1,0.924021086472,1
/REP,FAST   
/DIST,1,0.924021086472,1
/REP,FAST   
/DIST,1,0.924021086472,1
/REP,FAST   
/DIST,1,0.924021086472,1
/REP,FAST   
/DIST,1,0.924021086472,1
/REP,FAST   
/DIST,1,0.924021086472,1
/REP,FAST   
/DIST,1,0.924021086472,1
/REP,FAST   
/DIST,1,0.924021086472,1
/REP,FAST   
/DIST,1,0.924021086472,1
/REP,FAST   
/DIST,1,0.924021086472,1
/REP,FAST   
/DIST,1,0.924021086472,1
/REP,FAST   
/DIST,1,0.924021086472,1
/REP,FAST   
/POST1  
PLESOL, SENE,, 0,1.0
/DIST,1,1.08222638492,1 
/REP,FAST   
/DIST,1,1.08222638492,1 
/REP,FAST   
/DIST,1,1.08222638492,1 
/REP,FAST   
/DIST,1,1.08222638492,1 
/REP,FAST   
/DIST,1,1.08222638492,1 
/REP,FAST   
/DIST,1,1.08222638492,1 
/REP,FAST   
/DIST,1,1.08222638492,1 
/REP,FAST   
/DIST,1,1.08222638492,1 
/REP,FAST   
/DIST,1,1.08222638492,1 
/REP,FAST   
/DIST,1,1.08222638492,1 
/REP,FAST   
/DIST,1,1.08222638492,1 
/REP,FAST   
/DIST,1,1.08222638492,1 
/REP,FAST   
/USER,  1   
/VIEW,  1, -0.787462984380    ,  0.112006787971    ,  0.606099437122
/ANG,   1,  -2.74634609403  
/REPLO  
/VIEW,  1, -0.975881735735    ,  0.109305548918    ,  0.188963316109
/ANG,   1,  -5.78494018308  
/REPLO  
/VIEW,  1, -0.403925171572    , -0.421772281342    ,  0.811758953422
/ANG,   1,  -17.9277941103  
/REPLO  
/VIEW,  1,  0.431901292075    , -0.342639879805    ,  0.834301616126
/ANG,   1,  -36.5567737258  
/REPLO  
/VIEW,  1,  0.971870923738    , -0.211731610587    , -0.103134051941
/ANG,   1,  -62.1019849941  
/REPLO  
/VIEW,  1,  0.540143606688    , -0.446716981563    ,  0.713224244215
/ANG,   1,  -38.8612494191  
/REPLO  
/VIEW,  1,  0.641485199559    ,  0.466231023818    ,  0.609200600112
/ANG,   1,  -23.0985427653  
/REPLO  
/VIEW,  1,  0.887858340299    ,  0.410161938636    ,  0.208505999087
/ANG,   1,  -8.74808613785  
/REPLO  
/VIEW,  1,  0.965461862553    ,  0.615409637812E-01, -0.253172079291
/ANG,   1,  0.173673841693E-01  
/REPLO  
/VIEW,  1,  0.868636924360    ,  0.175443585757E-01, -0.495138454496
/ANG,   1,  0.854220627672  
/REPLO  
c   
/COM,ANSYS RELEASE Release 16.2      BUILD 16.2      UP20150629       21:31:04
resume,6_08,db,,0   
/COM,ANSYS RELEASE Release 16.2      BUILD 16.2      UP20150629       21:31:05
show
/DIST,1,1.08222638492,1 
/REP,FAST   
/DIST,1,1.08222638492,1 
/REP,FAST   
/DIST,1,1.08222638492,1 
/REP,FAST   
/DIST,1,1.08222638492,1 
/REP,FAST   
/DIST,1,1.08222638492,1 
/REP,FAST   
/DIST,1,1.08222638492,1 
/REP,FAST   
/DIST,1,1.08222638492,1 
/REP,FAST   
/DIST,1,1.08222638492,1 
/REP,FAST   
/DIST,1,1.08222638492,1 
/REP,FAST   
/DIST,1,1.08222638492,1 
/REP,FAST   
/DIST,1,1.08222638492,1 
/REP,FAST   
/DIST,1,1.08222638492,1 
/REP,FAST   
/DIST,1,1.08222638492,1 
/REP,FAST   
/USER,  1   
/VIEW,  1, -0.680172916864    ,  0.108565179999    ,  0.724967864706
/ANG,   1,  0.278414686309E-01  
/REPLO  
/VIEW,  1, -0.332985777406    ,  0.119380861995    ,  0.935344151548
/ANG,   1,   2.82974457308  
/REPLO  
/VIEW,  1,  0.429367990464    ,  0.601375064271E-01,  0.901125190573
/ANG,   1,   6.85112363259  
/REPLO  
/VIEW,  1,  0.684460186680    ,  0.133973484722    ,  0.716634745349
/ANG,   1,   8.48658588188  
/REPLO  
EPLOT   
/VIEW,  1,  0.727969489585E-01,  0.307097401820    ,  0.948889767053
/ANG,   1,   4.86328656125  
/REPLO  
/VIEW,  1,  0.234239856018    , -0.230191997275    ,  0.944533394986
/ANG,   1,  -13.3238367625  
/REPLO  
/VIEW,  1, -0.143777060625    ,  0.468663826432    ,  0.871597599028
/ANG,   1,  -4.03898767383  
/REPLO  
c   
/COM,ANSYS RELEASE Release 16.2      BUILD 16.2      UP20150629       21:32:22
resume,6_08,db,,0   
/COM,ANSYS RELEASE Release 16.2      BUILD 16.2      UP20150629       21:32:22
show
show
/DIST,1,1.08222638492,1 
/REP,FAST   
/DIST,1,1.08222638492,1 
/REP,FAST   
/DIST,1,1.08222638492,1 
/REP,FAST   
/DIST,1,1.08222638492,1 
/REP,FAST   
/DIST,1,1.08222638492,1 
/REP,FAST   
/DIST,1,1.08222638492,1 
/REP,FAST   
EPLOT   
/DIST,1,1.08222638492,1 
/REP,FAST   
/DIST,1,1.08222638492,1 
/REP,FAST   
/DIST,1,1.08222638492,1 
/REP,FAST   
/DIST,1,1.08222638492,1 
/REP,FAST   
/DIST,1,1.08222638492,1 
/REP,FAST   
/DIST,1,1.08222638492,1 
/REP,FAST   
/DIST,1,1.08222638492,1 
/REP,FAST   
/DIST,1,1.08222638492,1 
/REP,FAST   
/DIST,1,1.08222638492,1 
/REP,FAST   
/DIST,1,1.08222638492,1 
/REP,FAST   
/DIST,1,1.08222638492,1 
/REP,FAST   
/DIST,1,1.08222638492,1 
/REP,FAST   
/DIST,1,1.08222638492,1 
/REP,FAST   
/DIST,1,1.08222638492,1 
/REP,FAST   
/DIST,1,1.08222638492,1 
/REP,FAST   
esel,all
/DIST,1,1.08222638492,1 
/REP,FAST   
csys,101
nsel,s,loc,x,t,2*t  
ESLN,U,1
/DIST,1,1.08222638492,1 
/REP,FAST   
nsel,s,loc,x,t,3*t  
ESLN,U,1
/DIST,1,1.08222638492,1 
/REP,FAST   
!*  
PLESOL, SENE,, 0,1.0
esel,sall   
esel,all
/DIST,1,1.08222638492,1 
/REP,FAST   
/DIST,1,1.08222638492,1 
/REP,FAST   
/DIST,1,1.08222638492,1 
/REP,FAST   
/DIST,1,0.924021086472,1
/REP,FAST   
/DIST,1,0.924021086472,1
/REP,FAST   
/DIST,1,0.924021086472,1
/REP,FAST   
/DIST,1,0.924021086472,1
/REP,FAST   
/DIST,1,0.924021086472,1
/REP,FAST   
/DIST,1,0.924021086472,1
/REP,FAST   
/DIST,1,0.924021086472,1
/REP,FAST   
/DIST,1,0.924021086472,1
/REP,FAST   
/DIST,1,0.924021086472,1
/REP,FAST   
/DIST,1,0.924021086472,1
/REP,FAST   
/DIST,1,0.924021086472,1
/REP,FAST   
/DIST,1,0.924021086472,1
/REP,FAST   
/DIST,1,0.924021086472,1
/REP,FAST   
/DIST,1,0.924021086472,1
/REP,FAST   
/DIST,1,0.924021086472,1
/REP,FAST   
/DIST,1,0.924021086472,1
/REP,FAST   
EPLOT   
/DIST,1,1.08222638492,1 
/REP,FAST   
/DIST,1,1.08222638492,1 
/REP,FAST   
/DIST,1,1.08222638492,1 
/REP,FAST   
/DIST,1,1.08222638492,1 
/REP,FAST   
/DIST,1,1.08222638492,1 
/REP,FAST   
/DIST,1,1.08222638492,1 
/REP,FAST   
!*  
PLESOL, SENE,, 0,1.0
/DIST,1,1.08222638492,1 
/REP,FAST   
/DIST,1,1.08222638492,1 
/REP,FAST   
/DIST,1,1.08222638492,1 
/REP,FAST   
/DIST,1,1.08222638492,1 
/REP,FAST   
/DIST,1,1.08222638492,1 
/REP,FAST   
/DIST,1,1.08222638492,1 
/REP,FAST   
/USER,  1   
/VIEW,  1,  0.610302630175    ,  0.103971899374    ,  0.785315569527
/ANG,   1,  0.831901450559  
/REPLO  
/VIEW,  1,  0.928358382697    ,  0.124113630549    ,  0.350351994412
/ANG,   1,   3.78804240593  
/REPLO  
/VIEW,  1,  0.994752448656    ,  0.543366905269E-01, -0.866896184935E-01
/ANG,   1,   5.82692117186  
/REPLO  
/VIEW,  1,  0.901079915841    , -0.145521671998E-01, -0.433408836664
/ANG,   1,   5.78262494432  
/REPLO  
/VIEW,  1,  0.651483905564    ,  0.550439470118E-01,  0.756662992810
/ANG,   1,   3.20602122615  
/REPLO  
/VIEW,  1,  0.215334427270    ,  0.125241034151    ,  0.968476002696
/ANG,   1,  0.644417821730  
/REPLO  
c   
/COM,ANSYS RELEASE Release 16.2      BUILD 16.2      UP20150629       21:34:44
resume,6_08,db,,0\  
/COM,ANSYS RELEASE Release 16.2      BUILD 16.2      UP20150629       21:34:47
c   
/COM,ANSYS RELEASE Release 16.2      BUILD 16.2      UP20150629       21:34:57
resume,6_08,db,,0   
/COM,ANSYS RELEASE Release 16.2      BUILD 16.2      UP20150629       21:34:57
/POST1  
!*  
PLESOL, SENE,, 0,1.0
csys,101
nsel,s,loc,x,t,2*H  
ESLN,U,1
/DIST,1,1.08222638492,1 
/REP,FAST   
/DIST,1,1.08222638492,1 
/REP,FAST   
/DIST,1,1.08222638492,1 
/REP,FAST   
/DIST,1,0.924021086472,1
/REP,FAST   
/DIST,1,0.924021086472,1
/REP,FAST   
/DIST,1,1.08222638492,1 
/REP,FAST   
/DIST,1,0.924021086472,1
/REP,FAST   
/DIST,1,1.08222638492,1 
/REP,FAST   
/DIST,1,1.08222638492,1 
/REP,FAST   
/DIST,1,1.08222638492,1 
/REP,FAST   
/DIST,1,0.924021086472,1
/REP,FAST   
/DIST,1,1.08222638492,1 
/REP,FAST   
/DIST,1,1.08222638492,1 
/REP,FAST   
/DIST,1,1.08222638492,1 
/REP,FAST   
/DIST,1,0.924021086472,1
/REP,FAST   
/DIST,1,0.924021086472,1
/REP,FAST   
/DIST,1,1.08222638492,1 
/REP,FAST   
/DIST,1,1.08222638492,1 
/REP,FAST   
/DIST,1,0.924021086472,1
/REP,FAST   
/DIST,1,0.924021086472,1
/REP,FAST   
/DIST,1,0.924021086472,1
/REP,FAST   
/DIST,1,0.924021086472,1
/REP,FAST   
/DIST,1,0.924021086472,1
/REP,FAST   
/DIST,1,0.924021086472,1
/REP,FAST   
/DIST,1,0.924021086472,1
/REP,FAST   
/DIST,1,0.924021086472,1
/REP,FAST   
c   
/COM,ANSYS RELEASE Release 16.2      BUILD 16.2      UP20150629       21:36:29
resume,6_08,db,,0   
/COM,ANSYS RELEASE Release 16.2      BUILD 16.2      UP20150629       21:36:29
finish  
/post1  
! –°–æ–∑–¥–∞–Ω–∏–µ –æ–±–ª–∞—Å—Ç–∏ —Ç–æ—á–µ–∫ –¥–ª—è —Ä–∞—Å—á–µ—Ç–∞  
rad 
RSYS,101
*SET,tchk,110                       ! –ö–æ–ª–∏—á–µ—Å—Ç–≤–æ —Ç–æ—á–µ–∫ –ø—É—Ç–∏ (11 —Ç–æ—á–µ–∫ –≤ 10 –∫—Ä—É–≥–∞—Ö)   
*SET,omnom,0                        ! –ù–æ–º–µ—Ä —Ç–æ—á–∫–∏ –ø—É—Ç–∏
*SET,pi,aCOS(-1)
*SET,Robl,Rvnutr-(Rvnesh-Rvnutr)/9  
PATH,step,tchk,10,1,
! –°–æ–∑–¥–∞–Ω–∏–µ –≥–µ–æ–º–µ—Ç—Ä–∏–∏ –ø—É—Ç–∏ –≤ –æ–¥–Ω–æ–π –ø–ª–æ—Å–∫–æ—Å—Ç–∏ 
! –í–æ–∑–º–æ–∂–Ω–æ –¢–û–õ–¨–ö–û –í –ì–õ–û–ë–ê–õ–¨–ù–û–ô –î–ï–ö–ê–†–¢–û–í–û–ô –°–ö   
*do,i,1,10  
*SET,Robl,Robl+(Rvnesh-Rvnutr)/9
*SET,alfa,-pi/10
*SET,zz,t/2    ! –ò–º–µ–µ—Ç—Å—è –≤–≤–∏–¥—É –ø–ª–æ—Å–∫–æ—Å—Ç—å   
*do,j,1,11  
*SET,omnom,omnom+1  
*SET,alfa,alfa+pi/10
PPATH,omnom,0,lic+Robl*cos(alfa),Robl*sin(alfa),zz,100, 
*enddo  
*enddo  
/PBC,PATH,1 
/REPLOT 
/PBC,PATH,0 
!*  
/ZOOM,1,RECT,0.530108,-0.186625 ,1.05806751108 ,-0.789856337559 
/PBC,PATH,1 
/REPLOT 
/PBC,PATH,0 
!*  
!   
PDEF,STAT   
!*  
!*  
/PBC,PATH,1 
/REPLOT 
/PBC,PATH,0 
!*  
!*  
!*  
!*  
PLESOL, KENE,, 0,1.0
/DIST,1,1.08222638492,1 
/REP,FAST   
/DIST,1,1.08222638492,1 
/REP,FAST   
/DIST,1,1.08222638492,1 
/REP,FAST   
/DIST,1,1.08222638492,1 
/REP,FAST   
/DIST,1,1.08222638492,1 
/REP,FAST   
/DIST,1,1.08222638492,1 
/REP,FAST   
/DIST,1,1.08222638492,1 
/REP,FAST   
/DIST,1,1.08222638492,1 
/REP,FAST   
/DIST,1,1.08222638492,1 
/REP,FAST   
/DIST,1,1.08222638492,1 
/REP,FAST   
/DIST,1,1.08222638492,1 
/REP,FAST   
/DIST,1,1.08222638492,1 
/REP,FAST   
/DIST,1,1.08222638492,1 
/REP,FAST   
/DIST,1,1.08222638492,1 
/REP,FAST   
/DIST,1,1.08222638492,1 
/REP,FAST   
/DIST,1,1.08222638492,1 
/REP,FAST   
/DIST,1,1.08222638492,1 
/REP,FAST   
/DIST,1,1.08222638492,1 
/REP,FAST   
/DIST,1,1.08222638492,1 
/REP,FAST   
/DIST,1,1.08222638492,1 
/REP,FAST   
/DIST,1,1.08222638492,1 
/REP,FAST   
/ZOOM,1,RECT,-0.808647,0.771005 ,0.910993036894 ,-0.126301610063
!*  
PLESOL, SENE,, 0,1.0
/ZOOM,1,RECT,0.609302,-0.314811 ,0.918535317621 ,-0.525942525487
/ZOOM,1,RECT,0.0587153,0.0018851 ,1.33336075765 ,-0.646588839577
/DIST,1,1.08222638492,1 
/REP,FAST   
/DIST,1,1.08222638492,1 
/REP,FAST   
/DIST,1,1.08222638492,1 
/REP,FAST   
/DIST,1,1.08222638492,1 
/REP,FAST   
/DIST,1,1.08222638492,1 
/REP,FAST   
/DIST,1,1.08222638492,1 
/REP,FAST   
/DIST,1,1.08222638492,1 
/REP,FAST   
/DIST,1,1.08222638492,1 
/REP,FAST   
/DIST,1,1.08222638492,1 
/REP,FAST   
/DIST,1,1.08222638492,1 
/REP,FAST   
/DIST,1,1.08222638492,1 
/REP,FAST   
/DIST,1,1.08222638492,1 
/REP,FAST   
/DIST,1,1.08222638492,1 
/REP,FAST   
/DIST,1,1.08222638492,1 
/REP,FAST   
/DIST,1,1.08222638492,1 
/REP,FAST   
/DIST,1,1.08222638492,1 
/REP,FAST   
nsel,s,loc,x,t,2*H  
ESLN,U,1
/DIST,1,1.08222638492,1 
/REP,FAST   
/DIST,1,1.08222638492,1 
/REP,FAST   
/DIST,1,1.08222638492,1 
/REP,FAST   
/DIST,1,1.08222638492,1 
/REP,FAST   
/DIST,1,1.08222638492,1 
/REP,FAST   
/DIST,1,1.08222638492,1 
/REP,FAST   
/DIST,1,1.08222638492,1 
/REP,FAST   
/DIST,1,1.08222638492,1 
/REP,FAST   
/DIST,1,1.08222638492,1 
/REP,FAST   
/DIST,1,1.08222638492,1 
/REP,FAST   
/DIST,1,1.08222638492,1 
/REP,FAST   
/DIST,1,1.08222638492,1 
/REP,FAST   
/DIST,1,1.08222638492,1 
/REP,FAST   
/DIST,1,1.08222638492,1 
/REP,FAST   
/DIST,1,1.08222638492,1 
/REP,FAST   
/DIST,1,1.08222638492,1 
/REP,FAST   
/DIST,1,1.08222638492,1 
/REP,FAST   
/DIST,1,1.08222638492,1 
/REP,FAST   
/DIST,1,1.08222638492,1 
/REP,FAST   
/DIST,1,1.08222638492,1 
/REP,FAST   
/DIST,1,1.08222638492,1 
/REP,FAST   
/DIST,1,1.08222638492,1 
/REP,FAST   
/DIST,1,1.08222638492,1 
/REP,FAST   
/DIST,1,1.08222638492,1 
/REP,FAST   
/DIST,1,1.08222638492,1 
/REP,FAST   
/DIST,1,1.08222638492,1 
/REP,FAST   
/DIST,1,1.08222638492,1 
/REP,FAST   
/DIST,1,1.08222638492,1 
/REP,FAST   
/DIST,1,1.08222638492,1 
/REP,FAST   
/DIST,1,1.08222638492,1 
/REP,FAST   
/DIST,1,1.08222638492,1 
/REP,FAST   
esel,all
/DIST,1,1.08222638492,1 
/REP,FAST   
/DIST,1,0.924021086472,1
/REP,FAST   
/DIST,1,0.924021086472,1
/REP,FAST   
/DIST,1,0.924021086472,1
/REP,FAST   
/ZOOM,1,RECT,-0.525811,0.639048 ,-0.163781966808 ,-0.243177726838   
/VIEW,  1, -0.526800284492    ,  0.485764622181E-01,  0.848599898407
/ANG,   1, -0.964841475138  
/REPLO  
/VIEW,  1, -0.793403524052    ,  0.120324151047    ,  0.596684964363
/ANG,   1,  -2.92048269133  
/REPLO  
/VIEW,  1, -0.991467523801    ,  0.129634798806    , -0.136736310733E-01
/ANG,   1,  -8.11723116044  
/REPLO  
/VIEW,  1, -0.934428102762    ,  0.745450392185E-01, -0.348263058473
/ANG,   1,  -10.1445781365  
/REPLO  
/VIEW,  1, -0.796364590141    ,  0.159115285703    ,  0.583511581226
/ANG,   1,  -3.77005172939  
/REPLO  
/VIEW,  1,  0.980537632299    ,  0.516468909230E-01, -0.189416341172
/ANG,   1,   24.7962631006  
/REPLO  
/VIEW,  1,  0.310146134161    ,  0.159853890642    ,  0.937153194046
/ANG,   1,   13.7584726421  
/REPLO  
nsel,all
/DIST,1,1.08222638492,1 
/REP,FAST   
/DIST,1,1.08222638492,1 
/REP,FAST   
/DIST,1,1.08222638492,1 
/REP,FAST   
/DIST,1,1.08222638492,1 
/REP,FAST   
/DIST,1,1.08222638492,1 
/REP,FAST   
csys,101
csys,101
nsel,s,loc,x,t,2*H  
ESLN,U,1
/DIST,1,1.08222638492,1 
/REP,FAST   
/DIST,1,1.08222638492,1 
/REP,FAST   
/DIST,1,0.924021086472,1
/REP,FAST   
/DIST,1,1.08222638492,1 
/REP,FAST   
/DIST,1,0.924021086472,1
/REP,FAST   
/DIST,1,1.08222638492,1 
/REP,FAST   
/DIST,1,0.924021086472,1
/REP,FAST   
/DIST,1,1.08222638492,1 
/REP,FAST   
/DIST,1,0.924021086472,1
/REP,FAST   
nsel,all
/DIST,1,1.08222638492,1 
/REP,FAST   
/DIST,1,1.08222638492,1 
/REP,FAST   
/ZOOM,1,RECT,0.854426,0.09614 ,1.35221645947 ,-0.205475753685   
/VIEW,  1, -0.923907156031E-04, -0.981468153782E-01,  0.995171941975
/ANG,   1,   13.3577149640  
/REPLO  
/VIEW,  1,  0.711141919021E-01,  0.373504172108E-01,  0.996768638173
/ANG,   1,  -1.32578293424  
/REPLO  
/DIST,1,1.08222638492,1 
/REP,FAST   
/DIST,1,1.08222638492,1 
/REP,FAST   
asel,all
/DIST,1,1.08222638492,1 
/REP,FAST   
/VIEW,1,,,1 
/ANG,1  
/REP,FAST   
/ZOOM,1,RECT,-0.0883592,0.442998 ,1.15611716054 ,-0.484470355018
/ZOOM,1,RECT,-0.533354,0.759695 ,1.26170909073 ,-0.590035879847 
c   
/COM,ANSYS RELEASE Release 16.2      BUILD 16.2      UP20150629       21:59:57
resume,6_08,db,,0   
/COM,ANSYS RELEASE Release 16.2      BUILD 16.2      UP20150629       21:59:57
show
/ZOOM,1,RECT,0.458456,-0.152693 ,1.03921180926 ,-0.522172328172 
/ZOOM,1,RECT,-0.597463,0.458079 ,1.17497286236 ,-0.559874301325 
c   
/COM,ANSYS RELEASE Release 16.2      BUILD 16.2      UP20150629       22:00:52
c   
/COM,ANSYS RELEASE Release 16.2      BUILD 16.2      UP20150629       22:01:00
resume,6_14,db,,0   
/COM,ANSYS RELEASE Release 16.2      BUILD 16.2      UP20150629       22:01:01
show
/ZOOM,1,RECT,0.473541,-0.435458 ,0.971331282715 ,-0.782315942929
/ZOOM,1,RECT,-0.710597,0.461849 ,1.2654802311 ,-0.601346471793  
show
/DIST,1,1.08222638492,1 
/REP,FAST   
/DIST,1,1.08222638492,1 
/REP,FAST   
/DIST,1,1.08222638492,1 
/REP,FAST   
/DIST,1,0.924021086472,1
/REP,FAST   
/DIST,1,1.08222638492,1 
/REP,FAST   
esel,all
/DIST,1,1.08222638492,1 
/REP,FAST   
/DIST,1,1.08222638492,1 
/REP,FAST   
/DIST,1,0.924021086472,1
/REP,FAST   
/DIST,1,0.924021086472,1
/REP,FAST   
/DIST,1,1.08222638492,1 
/REP,FAST   
/DIST,1,1.08222638492,1 
/REP,FAST   
/DIST,1,1.08222638492,1 
/REP,FAST   
/DIST,1,1.08222638492,1 
/REP,FAST   
show
esel,all
/DIST,1,1.08222638492,1 
/REP,FAST   
/DIST,1,1.08222638492,1 
/REP,FAST   
/DIST,1,1.08222638492,1 
/REP,FAST   
/DIST,1,1.08222638492,1 
/REP,FAST   
/DIST,1,1.08222638492,1 
/REP,FAST   
/DIST,1,1.08222638492,1 
/REP,FAST   
/DIST,1,1.08222638492,1 
/REP,FAST   
/DIST,1,1.08222638492,1 
/REP,FAST   
/DIST,1,1.08222638492,1 
/REP,FAST   
/DIST,1,1.08222638492,1 
/REP,FAST   
/DIST,1,1.08222638492,1 
/REP,FAST   
c   
/COM,ANSYS RELEASE Release 16.2      BUILD 16.2      UP20150629       22:08:02
resume,6_08,db,,0   
/COM,ANSYS RELEASE Release 16.2      BUILD 16.2      UP20150629       22:08:02
show
/ZOOM,1,RECT,0.318924,-0.0320467 ,1.08069435327 ,-0.50709153891 
/ZOOM,1,RECT,-0.473015,0.156463 ,1.31450505583 ,-0.688061010046 
/DIST,1,1.08222638492,1 
/REP,FAST   
/ZOOM,1,RECT,0.303839,-0.235637 ,0.530107860143 ,-0.514631933541
/DIST,1,1.08222638492,1 
/REP,FAST   
/DIST,1,1.08222638492,1 
/REP,FAST   
/DIST,1,1.08222638492,1 
/REP,FAST   
/DIST,1,1.08222638492,1 
/REP,FAST   
/DIST,1,1.08222638492,1 
/REP,FAST   
/DIST,1,1.08222638492,1 
/REP,FAST   
/DIST,1,1.08222638492,1 
/REP,FAST   
/DIST,1,1.08222638492,1 
/REP,FAST   
/DIST,1,1.08222638492,1 
/REP,FAST   
/DIST,1,1.08222638492,1 
/REP,FAST   
/DIST,1,1.08222638492,1 
/REP,FAST   
/DIST,1,1.08222638492,1 
/REP,FAST   
/DIST,1,1.08222638492,1 
/REP,FAST   
/DIST,1,1.08222638492,1 
/REP,FAST   
/DIST,1,1.08222638492,1 
/REP,FAST   
/DIST,1,1.08222638492,1 
/REP,FAST   
/DIST,1,1.08222638492,1 
/REP,FAST   
/DIST,1,1.08222638492,1 
/REP,FAST   
/DIST,1,1.08222638492,1 
/REP,FAST   
/DIST,1,1.08222638492,1 
/REP,FAST   
/DIST,1,1.08222638492,1 
/REP,FAST   
/DIST,1,1.08222638492,1 
/REP,FAST   
/DIST,1,1.08222638492,1 
/REP,FAST   
/DIST,1,1.08222638492,1 
/REP,FAST   
/DIST,1,1.08222638492,1 
/REP,FAST   
/DIST,1,1.08222638492,1 
/REP,FAST   
/DIST,1,1.08222638492,1 
/REP,FAST   
/DIST,1,1.08222638492,1 
/REP,FAST   
!*  
PLESOL, SENE,, 0,1.0
/DIST,1,1.08222638492,1 
/REP,FAST   
/ZOOM,1,RECT,0.0926556,0.269569 ,0.997729265262 ,-0.122531412748
/DIST,1,1.08222638492,1 
/REP,FAST   
/DIST,1,1.08222638492,1 
/REP,FAST   
/DIST,1,1.08222638492,1 
/REP,FAST   
/DIST,1,1.08222638492,1 
/REP,FAST   
/DIST,1,1.08222638492,1 
/REP,FAST   
/DIST,1,1.08222638492,1 
/REP,FAST   
/DIST,1,1.08222638492,1 
/REP,FAST   
/DIST,1,1.08222638492,1 
/REP,FAST   
/DIST,1,1.08222638492,1 
/REP,FAST   
/DIST,1,1.08222638492,1 
/REP,FAST   
/DIST,1,1.08222638492,1 
/REP,FAST   
/DIST,1,1.08222638492,1 
/REP,FAST   
/DIST,1,1.08222638492,1 
/REP,FAST   
/DIST,1,1.08222638492,1 
/REP,FAST   
c   
/COM,ANSYS RELEASE Release 16.2      BUILD 16.2      UP20150629       00:45:56
dcb_c   
dcb_c   
c   
/COM,ANSYS RELEASE Release 16.2      BUILD 16.2      UP20150629       00:57:26
dcb_c   
c   
/COM,ANSYS RELEASE Release 16.2      BUILD 16.2      UP20150629       00:58:36
*SET,pi,aCOS(-1)
*SET,b,150  
*DIM,sukaa,,19  
*vread,sukaa(1,1),'C:\Users\Steplerchik\Desktop\–ù–ò–†—Å\–ü–∞—Ä–∞–º–µ—Ç—Ä–∏—á–µ—Å–∫–∏–π –î–ö–ë –æ–±—Ä–∞–∑–µ—Ü ANSYS\Data-out\Betta_0.4',txt,,IJK,19,1,,1
! (F20.0)   
c   
/COM,ANSYS RELEASE Release 16.2      BUILD 16.2      UP20150629       00:58:54
dcb_c   
/COM,ANSYS RELEASE Release 16.2      BUILD 16.2      UP20150629       01:01:59
c   
/COM,ANSYS RELEASE Release 16.2      BUILD 16.2      UP20150629       01:02:18
c   
/COM,ANSYS RELEASE Release 16.2      BUILD 16.2      UP20150629       01:02:22
dcb_c   
/COM,ANSYS RELEASE Release 16.2      BUILD 16.2      UP20150629       01:02:27
c   
/COM,ANSYS RELEASE Release 16.2      BUILD 16.2      UP20150629       01:02:38
dcb_c   
/COM,ANSYS RELEASE Release 16.2      BUILD 16.2      UP20150629       01:02:55
dcb_c   
/COM,ANSYS RELEASE Release 16.2      BUILD 16.2      UP20150629       01:03:08
dcb_c   
/COM,ANSYS RELEASE Release 16.2      BUILD 16.2      UP20150629       01:03:19
dcb_c   
/COM,ANSYS RELEASE Release 16.2      BUILD 16.2      UP20150629       01:05:30
c   
/COM,ANSYS RELEASE Release 16.2      BUILD 16.2      UP20150629       01:05:34
c_jpg   
FINISH  
! /EXIT,NOSAV   
/BATCH  
/COM,ANSYS RELEASE Release 16.2      BUILD 16.2      UP20150629       02:19:18
/input,menust,tmp,''
/GRA,POWER
/GST,ON
/PLO,INFO,3
/GRO,CURL,ON
/CPLANE,1   
/REPLOT,RESIZE  
WPSTYLE,,,,,,,,0
c   
/COM,ANSYS RELEASE Release 16.2      BUILD 16.2      UP20150629       02:19:32
dcb_20  
/COM,ANSYS RELEASE Release 16.2      BUILD 16.2      UP20150629       10:01:12
FINISH  
! /EXIT,NOSAV   
/BATCH  
/COM,ANSYS RELEASE Release 16.2      BUILD 16.2      UP20150629       11:31:00
/input,menust,tmp,''
/GRA,POWER
/GST,ON
/PLO,INFO,3
/GRO,CURL,ON
/CPLANE,1   
/REPLOT,RESIZE  
WPSTYLE,,,,,,,,0
c   
/COM,ANSYS RELEASE Release 16.2      BUILD 16.2      UP20150629       11:32:50
dcb_c   
/COM,ANSYS RELEASE Release 16.2      BUILD 16.2      UP20150629       11:34:44
c_jpg   
c   
/COM,ANSYS RELEASE Release 16.2      BUILD 16.2      UP20150629       17:57:52
FINISH  
! /EXIT,NOSAV   
/BATCH  
/COM,ANSYS RELEASE Release 16.2      BUILD 16.2      UP20150629       18:19:20
/input,menust,tmp,''
/GRA,POWER
/GST,ON
/PLO,INFO,3
/GRO,CURL,ON
/CPLANE,1   
/REPLOT,RESIZE  
WPSTYLE,,,,,,,,0
dcb_c_matl  
/COM,ANSYS RELEASE Release 16.2      BUILD 16.2      UP20150629       18:31:01
c   
/COM,ANSYS RELEASE Release 16.2      BUILD 16.2      UP20150629       18:31:04
dcb 
/COM,ANSYS RELEASE Release 16.2      BUILD 16.2      UP20150629       09:49:35
dcb_c   
/COM,ANSYS RELEASE Release 16.2      BUILD 16.2      UP20150629       09:50:05
c   
/COM,ANSYS RELEASE Release 16.2      BUILD 16.2      UP20150629       09:50:08
dcb_c   
/COM,ANSYS RELEASE Release 16.2      BUILD 16.2      UP20150629       09:51:40
c   
/COM,ANSYS RELEASE Release 16.2      BUILD 16.2      UP20150629       09:51:45
c_jpg   
c   
/COM,ANSYS RELEASE Release 16.2      BUILD 16.2      UP20150629       09:52:54
c_jpg   
c   
/COM,ANSYS RELEASE Release 16.2      BUILD 16.2      UP20150629       09:56:27
*SET,aw,1   
*SET,b,150  
*SET,t,10   
*SET,l,aw*0.05*b
*SET,E,3000 
*SET,mu,0.3 
*SET,H,0.4*b
model_dcb,b,t,l,E,mu,H  
finish  
/post1  
! –°–æ–∑–¥–∞–Ω–∏–µ –æ–±–ª–∞—Å—Ç–∏ —Ç–æ—á–µ–∫ –¥–ª—è —Ä–∞—Å—á–µ—Ç–∞  
rad 
RSYS,101
*SET,tchk,110                       ! –ö–æ–ª–∏—á–µ—Å—Ç–≤–æ —Ç–æ—á–µ–∫ –ø—É—Ç–∏ (11 —Ç–æ—á–µ–∫ –≤ 10 –∫—Ä—É–≥–∞—Ö)   
*SET,omnom,0                        ! –ù–æ–º–µ—Ä —Ç–æ—á–∫–∏ –ø—É—Ç–∏
*SET,pi,aCOS(-1)
*SET,Robl,Rvnutr-(Rvnesh-Rvnutr)/9  
PATH,step,tchk,10,1,
! –°–æ–∑–¥–∞–Ω–∏–µ –≥–µ–æ–º–µ—Ç—Ä–∏–∏ –ø—É—Ç–∏ –≤ –æ–¥–Ω–æ–π –ø–ª–æ—Å–∫–æ—Å—Ç–∏ 
! –í–æ–∑–º–æ–∂–Ω–æ –¢–û–õ–¨–ö–û –í –ì–õ–û–ë–ê–õ–¨–ù–û–ô –î–ï–ö–ê–†–¢–û–í–û–ô –°–ö   
*do,i,1,10  
*SET,Robl,Robl+(Rvnesh-Rvnutr)/9
*SET,alfa,-pi/10
*SET,zz,0    ! –ò–º–µ–µ—Ç—Å—è –≤–≤–∏–¥—É –ø–ª–æ—Å–∫–æ—Å—Ç—å 
*do,j,1,11  
*SET,omnom,omnom+1  
*SET,alfa,alfa+pi/10
PPATH,omnom,0,lic+Robl*cos(alfa),Robl*sin(alfa),zz,100, 
*enddo  
*enddo  
/PBC,PATH,1 
/REPLOT 
/PBC,PATH,0 
!*  
/ZOOM,1,RECT,-0.68797,0.00942549 ,-0.288229598816 ,-0.44299818455   
/PBC,PATH,1 
/REPLOT 
/PBC,PATH,0 
!*  
/VIEW,1,,,1 
/ANG,1  
/REP,FAST   
/VIEW,1,1   
/ANG,1  
/REP,FAST   
/PBC,PATH,1 
/REPLOT 
/PBC,PATH,0 
!*  
/ZOOM,1,RECT,0.398118,0.507092 ,0.79031654525 ,-0.216786345631  
/PBC,PATH,1 
/REPLOT 
/PBC,PATH,0 
!*  
c   
/COM,ANSYS RELEASE Release 16.2      BUILD 16.2      UP20150629       09:58:10
c   
/COM,ANSYS RELEASE Release 16.2      BUILD 16.2      UP20150629       09:58:12
dcb 
/COM,ANSYS RELEASE Release 16.2      BUILD 16.2      UP20150629       22:20:19
c   
/COM,ANSYS RELEASE Release 16.2      BUILD 16.2      UP20150629       22:20:26
dcb_c   
/COM,ANSYS RELEASE Release 16.2      BUILD 16.2      UP20150629       22:20:38
dcb_c   
/COM,ANSYS RELEASE Release 16.2      BUILD 16.2      UP20150629       22:20:49
dcb_c   
/COM,ANSYS RELEASE Release 16.2      BUILD 16.2      UP20150629       22:21:03
dcb_c   
/COM,ANSYS RELEASE Release 16.2      BUILD 16.2      UP20150629       22:21:11
dcb_c   
/COM,ANSYS RELEASE Release 16.2      BUILD 16.2      UP20150629       22:21:20
dcb_c   
/COM,ANSYS RELEASE Release 16.2      BUILD 16.2      UP20150629       22:21:30
dcb_c   
/COM,ANSYS RELEASE Release 16.2      BUILD 16.2      UP20150629       22:21:39
dcb_c   
/COM,ANSYS RELEASE Release 16.2      BUILD 16.2      UP20150629       22:21:53
dcb_c   
/COM,ANSYS RELEASE Release 16.2      BUILD 16.2      UP20150629       22:22:26
c_jpg   
c   
/COM,ANSYS RELEASE Release 16.2      BUILD 16.2      UP20150629       22:23:05
c_jpg   
c   
/COM,ANSYS RELEASE Release 16.2      BUILD 16.2      UP20150629       22:24:08
c_jpg   
c   
/COM,ANSYS RELEASE Release 16.2      BUILD 16.2      UP20150629       22:27:39
dcb_c_matl  
/COM,ANSYS RELEASE Release 16.2      BUILD 16.2      UP20150629       22:34:34
dcb_c_matl  
FINISH  
! /EXIT,NOSAV   
/BATCH  
/COM,ANSYS RELEASE Release 16.2      BUILD 16.2      UP20150629       16:03:17
/input,menust,tmp,''
/GRA,POWER
/GST,ON
/PLO,INFO,3
/GRO,CURL,ON
/CPLANE,1   
/REPLOT,RESIZE  
WPSTYLE,,,,,,,,0
c   
/COM,ANSYS RELEASE Release 16.2      BUILD 16.2      UP20150629       16:03:43
*SET,aw,1   
*SET,b,150  
*SET,t,10   
*SET,l,aw*0.05*b
*SET,E,3000 
*SET,mu,0.3 
*SET,H,0.4*b
model_dcb,b,t,l,E,mu,H  
raschet 
c   
/COM,ANSYS RELEASE Release 16.2      BUILD 16.2      UP20150629       16:07:27
*SET,aw,2   
*SET,b,150  
*SET,t,10   
*SET,l,aw*0.05*b
*SET,E,3000 
*SET,mu,0.3 
*SET,H,0.4*b
model_dcb,b,t,l,E,mu,H  
raschet 
c   
/COM,ANSYS RELEASE Release 16.2      BUILD 16.2      UP20150629       16:12:40
dcb_
c   
/COM,ANSYS RELEASE Release 16.2      BUILD 16.2      UP20150629       16:15:09
dcb_
c   
/COM,ANSYS RELEASE Release 16.2      BUILD 16.2      UP20150629       16:16:08
dcb_
c   
/COM,ANSYS RELEASE Release 16.2      BUILD 16.2      UP20150629       16:18:18
dcb_
c   
/COM,ANSYS RELEASE Release 16.2      BUILD 16.2      UP20150629       16:19:19
dcb_
/COM,ANSYS RELEASE Release 16.2      BUILD 16.2      UP20150629       16:20:33
c   
/COM,ANSYS RELEASE Release 16.2      BUILD 16.2      UP20150629       16:20:37
dcb_
c   
/COM,ANSYS RELEASE Release 16.2      BUILD 16.2      UP20150629       16:23:24
dcb_
c   
/COM,ANSYS RELEASE Release 16.2      BUILD 16.2      UP20150629       16:30:40
dcb_
c   
/COM,ANSYS RELEASE Release 16.2      BUILD 16.2      UP20150629       16:48:08
dcb_
/COM,ANSYS RELEASE Release 16.2      BUILD 16.2      UP20150629       16:49:34
c   
/COM,ANSYS RELEASE Release 16.2      BUILD 16.2      UP20150629       16:49:36
*SET,aw,1   
*SET,b,150  
*SET,t,10   
*SET,l,aw*0.05*b
*SET,E,3000 
*SET,mu,0.3 
*SET,H,0.4*b
model_dcb,b,t,l,E,mu,H  
raschet 
c   
/COM,ANSYS RELEASE Release 16.2      BUILD 16.2      UP20150629       16:57:26
c   
/COM,ANSYS RELEASE Release 16.2      BUILD 16.2      UP20150629       16:57:28
*SET,aw,1   
*SET,b,150  
*SET,t,10   
*SET,l,aw*0.05*b
*SET,E,3000 
*SET,mu,0.3 
*SET,H,0.4*b
model_dcb,b,t,l,E,mu,H  
raschet 
c   
/COM,ANSYS RELEASE Release 16.2      BUILD 16.2      UP20150629       16:59:20
*SET,aw,1   
*SET,b,150  
*SET,t,10   
*SET,l,aw*0.05*b
*SET,E,3000 
*SET,mu,0.3 
*SET,H,0.4*b
model_dcb,b,t,l,E,mu,H  
raschet 
c   
/COM,ANSYS RELEASE Release 16.2      BUILD 16.2      UP20150629       17:04:46
c   
/COM,ANSYS RELEASE Release 16.2      BUILD 16.2      UP20150629       17:04:52
*SET,aw,1   
*SET,b,150  
*SET,t,10   
*SET,l,aw*0.05*b
*SET,E,3000 
*SET,mu,0.3 
*SET,H,0.4*b
model_dcb,b,t,l,E,mu,H  
raschet 
c   
/COM,ANSYS RELEASE Release 16.2      BUILD 16.2      UP20150629       17:10:41
*SET,aw,1   
*SET,b,150  
*SET,t,10   
*SET,l,aw*0.05*b
*SET,E,3000 
*SET,mu,0.3 
*SET,H,0.4*b
model_dcb,b,t,l,E,mu,H  
raschet 
c   
/COM,ANSYS RELEASE Release 16.2      BUILD 16.2      UP20150629       17:14:23
*SET,aw,1   
*SET,b,150  
*SET,t,10   
*SET,l,aw*0.05*b
*SET,E,3000 
*SET,mu,0.3 
*SET,H,0.4*b
model_dcb,b,t,l,E,mu,H  
raschet 
c   
/COM,ANSYS RELEASE Release 16.2      BUILD 16.2      UP20150629       17:30:26
dcb_
/COM,ANSYS RELEASE Release 16.2      BUILD 16.2      UP20150629       17:30:59
c   
/COM,ANSYS RELEASE Release 16.2      BUILD 16.2      UP20150629       17:32:08
dcb_
/COM,ANSYS RELEASE Release 16.2      BUILD 16.2      UP20150629       17:32:32
c   
/COM,ANSYS RELEASE Release 16.2      BUILD 16.2      UP20150629       17:43:07
dcb_04  
/COM,ANSYS RELEASE Release 16.2      BUILD 16.2      UP20150629       17:53:20
c   
/COM,ANSYS RELEASE Release 16.2      BUILD 16.2      UP20150629       17:53:22
dcb_04  
/COM,ANSYS RELEASE Release 16.2      BUILD 16.2      UP20150629       18:57:54
c   
/COM,ANSYS RELEASE Release 16.2      BUILD 16.2      UP20150629       18:57:56
dcb_
/COM,ANSYS RELEASE Release 16.2      BUILD 16.2      UP20150629       19:09:45
FINISH  
! /EXIT,NOSAV   
/BATCH  
/COM,ANSYS RELEASE Release 16.2      BUILD 16.2      UP20150629       23:01:51
/input,menust,tmp,''
/GRA,POWER
/GST,ON
/PLO,INFO,3
/GRO,CURL,ON
/CPLANE,1   
/REPLOT,RESIZE  
WPSTYLE,,,,,,,,0
FINISH  
! /EXIT,NOSAV   
/BATCH  
/COM,ANSYS RELEASE Release 16.2      BUILD 16.2      UP20150629       02:51:21
/input,menust,tmp,''
/GRA,POWER
/GST,ON
/PLO,INFO,3
/GRO,CURL,ON
/CPLANE,1   
/REPLOT,RESIZE  
WPSTYLE,,,,,,,,0
! Ò 
c   
/COM,ANSYS RELEASE Release 16.2      BUILD 16.2      UP20150629       02:52:12
dcb_
/COM,ANSYS RELEASE Release 16.2      BUILD 16.2      UP20150629       02:52:59
c   
/COM,ANSYS RELEASE Release 16.2      BUILD 16.2      UP20150629       02:53:01
*SET,aw,12  
*SET,b,150  
*SET,t,10   
*SET,l,aw*0.05*b
*SET,E,3000 
*SET,mu,0.3 
*SET,H,0.4*b
model_dcb,b,t,l,E,mu,H  
raschet 
!*  
/EFACET,1   
PLNSOL, S,X, 0,1.0  
/ZOOM,1,RECT,0.211089,0.0019337 ,0.737187219682 ,-0.446685062588
/ZOOM,1,RECT,0.474138,0.164365 ,0.830028111733 ,-0.346132580966 
/ZOOM,1,RECT,0.32714,0.427348 ,0.853238334746 ,-0.191436455395  
/ZOOM,1,RECT,-0.0674338,0.110221 ,0.713976996669 ,-0.64779002583
/DIST,1,1.08222638492,1 
/REP,FAST   
/DIST,1,1.08222638492,1 
/REP,FAST   
/DIST,1,1.08222638492,1 
/REP,FAST   
/DIST,1,1.08222638492,1 
/REP,FAST   
/DIST,1,1.08222638492,1 
/REP,FAST   
/DIST,1,1.08222638492,1 
/REP,FAST   
/DIST,1,1.08222638492,1 
/REP,FAST   
/DIST,1,1.08222638492,1 
/REP,FAST   
/DIST,1,1.08222638492,1 
/REP,FAST   
/DIST,1,1.08222638492,1 
/REP,FAST   
/DIST,1,1.08222638492,1 
/REP,FAST   
/DIST,1,1.08222638492,1 
/REP,FAST   
/DIST,1,1.08222638492,1 
/REP,FAST   
/DIST,1,1.08222638492,1 
/REP,FAST   
/DIST,1,1.08222638492,1 
/REP,FAST   
/DIST,1,1.08222638492,1 
/REP,FAST   
/DIST,1,1.08222638492,1 
/REP,FAST   
/DIST,1,1.08222638492,1 
/REP,FAST   
/DIST,1,1.08222638492,1 
/REP,FAST   
/DIST,1,1.08222638492,1 
/REP,FAST   
/DIST,1,1.08222638492,1 
/REP,FAST   
/DIST,1,1.08222638492,1 
/REP,FAST   
/DIST,1,1.08222638492,1 
/REP,FAST   
/DIST,1,1.08222638492,1 
/REP,FAST   
/DIST,1,1.08222638492,1 
/REP,FAST   
/DIST,1,1.08222638492,1 
/REP,FAST   
/DIST,1,1.08222638492,1 
/REP,FAST   
/DIST,1,1.08222638492,1 
/REP,FAST   
/DIST,1,1.08222638492,1 
/REP,FAST   
/DIST,1,1.08222638492,1 
/REP,FAST   
/DIST,1,1.08222638492,1 
/REP,FAST   
/DIST,1,1.08222638492,1 
/REP,FAST   
/DIST,1,1.08222638492,1 
/REP,FAST   
/DIST,1,1.08222638492,1 
/REP,FAST   
/DIST,1,1.08222638492,1 
/REP,FAST   
/DIST,1,1.08222638492,1 
/REP,FAST   
/DIST,1,1.08222638492,1 
/REP,FAST   
/DIST,1,1.08222638492,1 
/REP,FAST   
/DIST,1,1.08222638492,1 
/REP,FAST   
/DIST,1,1.08222638492,1 
/REP,FAST   
/DIST,1,1.08222638492,1 
/REP,FAST   
/DIST,1,1.08222638492,1 
/REP,FAST   
/DIST,1,1.08222638492,1 
/REP,FAST   
/DIST,1,1.08222638492,1 
/REP,FAST   
/DIST,1,1.08222638492,1 
/REP,FAST   
/DIST,1,1.08222638492,1 
/REP,FAST   
/DIST,1,1.08222638492,1 
/REP,FAST   
/DIST,1,1.08222638492,1 
/REP,FAST   
/DIST,1,1.08222638492,1 
/REP,FAST   
/DIST,1,1.08222638492,1 
/REP,FAST   
/post1  
csys,101
nsel,s,loc,x,2*t,2*H
ESLN,U,1
nsel,all
/DIST,1,1.08222638492,1 
/REP,FAST   
!*  
/EFACET,1   
PLNSOL, S,X, 0,1.0  
/ZOOM,1,RECT,-0.0210134,0.319061 ,0.729450478677 ,-0.261049711902   
/ZOOM,1,RECT,-0.276326,0.33453 ,0.80681788872 ,-0.500828706538  
/DIST,1,1.08222638492,1 
/REP,FAST   
/DIST,1,1.08222638492,1 
/REP,FAST   
/DIST,1,1.08222638492,1 
/REP,FAST   
/DIST,1,1.08222638492,1 
/REP,FAST   
/DIST,1,1.08222638492,1 
/REP,FAST   
/DIST,1,1.08222638492,1 
/REP,FAST   
!*  
/EFACET,1   
PLNSOL, S,Y, 0,1.0  
c   
/COM,ANSYS RELEASE Release 16.2      BUILD 16.2      UP20150629       02:56:07
FINISH  
! /EXIT,NOSAV   
/BATCH  
/COM,ANSYS RELEASE Release 16.2      BUILD 16.2      UP20150629       22:30:14
/input,menust,tmp,''
/GRA,POWER
/GST,ON
/PLO,INFO,3
/GRO,CURL,ON
/CPLANE,1   
/REPLOT,RESIZE  
WPSTYLE,,,,,,,,0
/DIST,1,1.08222638492,1 
/REP,FAST   
/DIST,1,1.08222638492,1 
/REP,FAST   
c   
/COM,ANSYS RELEASE Release 16.2      BUILD 16.2      UP20150629       22:40:15
c   
/COM,ANSYS RELEASE Release 16.2      BUILD 16.2      UP20150629       22:40:18
dcb_04  
/COM,ANSYS RELEASE Release 16.2      BUILD 16.2      UP20150629       22:51:01
FINISH  
! /EXIT,NOSAV   
/BATCH  
/COM,ANSYS RELEASE Release 16.2      BUILD 16.2      UP20150629       22:52:08
/input,menust,tmp,''
/GRA,POWER
/GST,ON
/PLO,INFO,3
/GRO,CURL,ON
/CPLANE,1   
/REPLOT,RESIZE  
WPSTYLE,,,,,,,,0
c   
/COM,ANSYS RELEASE Release 16.2      BUILD 16.2      UP20150629       22:54:01
dcb_c   
/COM,ANSYS RELEASE Release 16.2      BUILD 16.2      UP20150629       22:54:24
*DIM,sukaa,,19  
*vread,sukaa(1,1),'C:\Users\Steplerchik\Desktop\–ù–ò–†—Å\–ü–∞—Ä–∞–º–µ—Ç—Ä–∏—á–µ—Å–∫–∏–π –î–ö–ë –æ–±—Ä–∞–∑–µ—Ü ANSYS\Data-out\C_0.4',txt,,IJK,19,1,,1
! (F20.0)   
*CFOPEN,'C:\Users\Steplerchik\Desktop\–ù–ò–†—Å\–ü–∞—Ä–∞–º–µ—Ç—Ä–∏—á–µ—Å–∫–∏–π –î–ö–ë –æ–±—Ä–∞–∑–µ—Ü ANSYS\Data-out\C_0.4_matl',txt,,
*VWRITE,sukaa(1,1)  
! %G
*CFCLOS 
c   
/COM,ANSYS RELEASE Release 16.2      BUILD 16.2      UP20150629       22:55:27
c   
/COM,ANSYS RELEASE Release 16.2      BUILD 16.2      UP20150629       22:55:33
dcb_c_matl_ 
c   
/COM,ANSYS RELEASE Release 16.2      BUILD 16.2      UP20150629       22:57:15
! dcb_k2_matl   
c   
/COM,ANSYS RELEASE Release 16.2      BUILD 16.2      UP20150629       22:57:27
dcb_k2_matl_
FINISH  
! /EXIT,NOSAV   
/BATCH  
/COM,ANSYS RELEASE Release 16.2      BUILD 16.2      UP20150629       01:42:53
/input,menust,tmp,''
/GRA,POWER
/GST,ON
/PLO,INFO,3
/GRO,CURL,ON
/CPLANE,1   
/REPLOT,RESIZE  
WPSTYLE,,,,,,,,0
c   
/COM,ANSYS RELEASE Release 16.2      BUILD 16.2      UP20150629       01:47:04
dcb 
/COM,ANSYS RELEASE Release 16.2      BUILD 16.2      UP20150629       00:55:48
dcb_c   
/COM,ANSYS RELEASE Release 16.2      BUILD 16.2      UP20150629       00:56:08
dcb_c   
/COM,ANSYS RELEASE Release 16.2      BUILD 16.2      UP20150629       00:56:17
c   
/COM,ANSYS RELEASE Release 16.2      BUILD 16.2      UP20150629       00:56:20
c   
/COM,ANSYS RELEASE Release 16.2      BUILD 16.2      UP20150629       00:56:35
dcb_c   
/COM,ANSYS RELEASE Release 16.2      BUILD 16.2      UP20150629       00:56:46
dcb_c   
/COM,ANSYS RELEASE Release 16.2      BUILD 16.2      UP20150629       00:56:55
dcb_c   
/COM,ANSYS RELEASE Release 16.2      BUILD 16.2      UP20150629       00:57:08
dcb_c   
/COM,ANSYS RELEASE Release 16.2      BUILD 16.2      UP20150629       00:57:20
dcb_c   
/COM,ANSYS RELEASE Release 16.2      BUILD 16.2      UP20150629       00:57:28
dcb_c   
/COM,ANSYS RELEASE Release 16.2      BUILD 16.2      UP20150629       00:57:36
dcb_c   
/COM,ANSYS RELEASE Release 16.2      BUILD 16.2      UP20150629       00:57:46
dcb_c   
/COM,ANSYS RELEASE Release 16.2      BUILD 16.2      UP20150629       00:57:57
dcb_c   
/COM,ANSYS RELEASE Release 16.2      BUILD 16.2      UP20150629       00:58:36
dcb_c_matl  
dcb_k2_matl 
FINISH  
! /EXIT,NOSAV   
/BATCH  
/COM,ANSYS RELEASE Release 16.2      BUILD 16.2      UP20150629       12:24:01
/input,menust,tmp,''
/GRA,POWER
/GST,ON
/PLO,INFO,3
/GRO,CURL,ON
/CPLANE,1   
/REPLOT,RESIZE  
WPSTYLE,,,,,,,,0
c   
/COM,ANSYS RELEASE Release 16.2      BUILD 16.2      UP20150629       12:24:09
*SET,aw,12  
*SET,b,150  
*SET,t,10   
*SET,l,aw*0.05*b
*SET,E,3000 
*SET,mu,0.3 
*SET,H,0.4*b
model_dcb,b,t,l,E,mu,H  
raschet 
*SET,pam(aw,1),betta
*SET,pam2(aw,1),K2_K1   
*do,j,1,19  
*SET,pam(1,j),pam(j,1)  
*SET,pam2(1,j),pam2(j,1)
*enddo  
FINISH  
! /EXIT,NOSAV   
/BATCH  
/COM,ANSYS RELEASE Release 16.2      BUILD 16.2      UP20150629       14:12:36
/input,menust,tmp,''
/GRA,POWER
/GST,ON
/PLO,INFO,3
/GRO,CURL,ON
/CPLANE,1   
/REPLOT,RESIZE  
WPSTYLE,,,,,,,,0
c   
/COM,ANSYS RELEASE Release 16.2      BUILD 16.2      UP20150629       14:13:07
dcb 
/COM,ANSYS RELEASE Release 16.2      BUILD 16.2      UP20150629       14:14:02
! /EXIT,NOSAV   
/BATCH  
/COM,ANSYS RELEASE Release 16.2      BUILD 16.2      UP20150629       14:14:39
/input,menust,tmp,''
/GRA,POWER
/GST,ON
/PLO,INFO,3
/GRO,CURL,ON
/CPLANE,1   
/REPLOT,RESIZE  
WPSTYLE,,,,,,,,0
c   
/COM,ANSYS RELEASE Release 16.2      BUILD 16.2      UP20150629       14:14:46
dcb 
/COM,ANSYS RELEASE Release 16.2      BUILD 16.2      UP20150629       06:35:26
c   
/COM,ANSYS RELEASE Release 16.2      BUILD 16.2      UP20150629       06:35:28
c   
/COM,ANSYS RELEASE Release 16.2      BUILD 16.2      UP20150629       06:35:31
dcb_c   
/COM,ANSYS RELEASE Release 16.2      BUILD 16.2      UP20150629       06:35:52
dcb_c   
/COM,ANSYS RELEASE Release 16.2      BUILD 16.2      UP20150629       06:36:04
dcb_c   
/COM,ANSYS RELEASE Release 16.2      BUILD 16.2      UP20150629       06:36:17
dcb_c   
/COM,ANSYS RELEASE Release 16.2      BUILD 16.2      UP20150629       06:36:25
dcb_c   
/COM,ANSYS RELEASE Release 16.2      BUILD 16.2      UP20150629       06:36:34
dcb_c   
/COM,ANSYS RELEASE Release 16.2      BUILD 16.2      UP20150629       06:36:44
dcb_c   
/COM,ANSYS RELEASE Release 16.2      BUILD 16.2      UP20150629       06:36:55
dcb_c   
/COM,ANSYS RELEASE Release 16.2      BUILD 16.2      UP20150629       06:37:09
dcb_c   
/COM,ANSYS RELEASE Release 16.2      BUILD 16.2      UP20150629       06:37:38
c   
/COM,ANSYS RELEASE Release 16.2      BUILD 16.2      UP20150629       06:37:43
dcb_c_matl  
dcb_k2_matl 
FINISH  
! /EXIT,NOSAV   
/BATCH  
/COM,ANSYS RELEASE Release 16.2      BUILD 16.2      UP20150629       01:49:40
/input,menust,tmp,''
/GRA,POWER
/GST,ON
/PLO,INFO,3
/GRO,CURL,ON
/CPLANE,1   
/REPLOT,RESIZE  
WPSTYLE,,,,,,,,0
c   
/COM,ANSYS RELEASE Release 16.2      BUILD 16.2      UP20150629       01:50:35
dcb_04  
/COM,ANSYS RELEASE Release 16.2      BUILD 16.2      UP20150629       01:58:06
c   
/COM,ANSYS RELEASE Release 16.2      BUILD 16.2      UP20150629       01:58:10
dcb_c   
/COM,ANSYS RELEASE Release 16.2      BUILD 16.2      UP20150629       01:58:21
c   
/COM,ANSYS RELEASE Release 16.2      BUILD 16.2      UP20150629       01:58:26
dcb_c_matl_ 
c   
/COM,ANSYS RELEASE Release 16.2      BUILD 16.2      UP20150629       01:58:58
dcb_k2_matl_
FINISH  
! /EXIT,NOSAV   
/BATCH  
/COM,ANSYS RELEASE Release 16.2      BUILD 16.2      UP20150629       01:15:22
/input,menust,tmp,''
/GRA,POWER
/GST,ON
/PLO,INFO,3
/GRO,CURL,ON
/CPLANE,1   
/REPLOT,RESIZE  
WPSTYLE,,,,,,,,0
c   
/COM,ANSYS RELEASE Release 16.2      BUILD 16.2      UP20150629       01:15:47
dcb_energy  
/post1  
csys,101
nsel,s,loc,x,2*t,2*H
ESLN,U,1
nsel,all
/DIST,1,1.08222638492,1 
/REP,FAST   
/DIST,1,0.924021086472,1
/REP,FAST   
/DIST,1,1.08222638492,1 
/REP,FAST   
/DIST,1,1.08222638492,1 
/REP,FAST   
/post1  
csys,101
nsel,s,loc,x,2*t,2*b
ESLN,U,1
nsel,all
/DIST,1,1.08222638492,1 
/REP,FAST   
/DIST,1,0.924021086472,1
/REP,FAST   
/DIST,1,0.924021086472,1
/REP,FAST   
/DIST,1,0.924021086472,1
/REP,FAST   
/DIST,1,0.924021086472,1
/REP,FAST   
/DIST,1,0.924021086472,1
/REP,FAST   
/DIST,1,0.924021086472,1
/REP,FAST   
/DIST,1,0.924021086472,1
/REP,FAST   
/DIST,1,0.924021086472,1
/REP,FAST   
/DIST,1,0.924021086472,1
/REP,FAST   
/DIST,1,0.924021086472,1
/REP,FAST   
/DIST,1,0.924021086472,1
/REP,FAST   
/DIST,1,0.924021086472,1
/REP,FAST   
/DIST,1,0.924021086472,1
/REP,FAST   
/DIST,1,0.924021086472,1
/REP,FAST   
/DIST,1,0.924021086472,1
/REP,FAST   
/DIST,1,0.924021086472,1
/REP,FAST   
/DIST,1,0.924021086472,1
/REP,FAST   
c   
/COM,ANSYS RELEASE Release 16.2      BUILD 16.2      UP20150629       01:17:50
dcb_energy  
show_energy 
/ZOOM,1,RECT,-0.699284,0.111221 ,-0.276916177724 ,-0.393985619451   
/ZOOM,1,RECT,-0.269374,0.194165 ,0.567819263782 ,-0.582495485217
/DIST,1,1.08222638492,1 
/REP,FAST   
/DIST,1,1.08222638492,1 
/REP,FAST   
/DIST,1,1.08222638492,1 
/REP,FAST   
/DIST,1,1.08222638492,1 
/REP,FAST   
/DIST,1,1.08222638492,1 
/REP,FAST   
/DIST,1,1.08222638492,1 
/REP,FAST   
/DIST,1,1.08222638492,1 
/REP,FAST   
/DIST,1,1.08222638492,1 
/REP,FAST   
/DIST,1,1.08222638492,1 
/REP,FAST   
/DIST,1,1.08222638492,1 
/REP,FAST   
/DIST,1,1.08222638492,1 
/REP,FAST   
/DIST,1,1.08222638492,1 
/REP,FAST   
/DIST,1,1.08222638492,1 
/REP,FAST   
/DIST,1,1.08222638492,1 
/REP,FAST   
/DIST,1,1.08222638492,1 
/REP,FAST   
/DIST,1,1.08222638492,1 
/REP,FAST   
/DIST,1,1.08222638492,1 
/REP,FAST   
c   
/COM,ANSYS RELEASE Release 16.2      BUILD 16.2      UP20150629       01:19:49
dcb_energy  
/BATCH  
/COM,ANSYS RELEASE Release 16.2      BUILD 16.2      UP20150629       14:29:45
/input,menust,tmp,''
/GRA,POWER
/GST,ON
/PLO,INFO,3
/GRO,CURL,ON
/CPLANE,1   
/REPLOT,RESIZE  
WPSTYLE,,,,,,,,0
c   
/COM,ANSYS RELEASE Release 16.2      BUILD 16.2      UP20150629       14:33:28
dcb_energy  
/ZOOM,1,RECT,0.243501,-0.0169659 ,0.937391019441 ,-0.454308776496   
/DIST,1,1.08222638492,1 
/REP,FAST   
/DIST,1,1.08222638492,1 
/REP,FAST   
/DIST,1,1.08222638492,1 
/REP,FAST   
! alsel,all 
! alsel,all 
allsel,all  
/DIST,1,1.08222638492,1 
/REP,FAST   
/DIST,1,1.08222638492,1 
/REP,FAST   
/DIST,1,1.08222638492,1 
/REP,FAST   
/DIST,1,1.08222638492,1 
/REP,FAST   
/DIST,1,1.08222638492,1 
/REP,FAST   
/DIST,1,1.08222638492,1 
/REP,FAST   
/DIST,1,1.08222638492,1 
/REP,FAST   
/DIST,1,1.08222638492,1 
/REP,FAST   
/DIST,1,1.08222638492,1 
/REP,FAST   
/DIST,1,1.08222638492,1 
/REP,FAST   
/DIST,1,1.08222638492,1 
/REP,FAST   
/ZOOM,1,RECT,0.0323173,0.182855 ,0.60553066742 ,-0.156463188586 
/DIST,1,1.08222638492,1 
/REP,FAST   
/DIST,1,1.08222638492,1 
/REP,FAST   
/DIST,1,1.08222638492,1 
/REP,FAST   
/DIST,1,1.08222638492,1 
/REP,FAST   
/DIST,1,1.08222638492,1 
/REP,FAST   
/DIST,1,1.08222638492,1 
/REP,FAST   
/DIST,1,1.08222638492,1 
/REP,FAST   
/DIST,1,1.08222638492,1 
/REP,FAST   
/DIST,1,1.08222638492,1 
/REP,FAST   
/DIST,1,1.08222638492,1 
/REP,FAST   
/DIST,1,1.08222638492,1 
/REP,FAST   
c   
/COM,ANSYS RELEASE Release 16.2      BUILD 16.2      UP20150629       14:43:37
c   
/COM,ANSYS RELEASE Release 16.2      BUILD 16.2      UP20150629       14:43:41
dcb_energy  
FINISH  
! /EXIT,NOSAV   
/BATCH  
/COM,ANSYS RELEASE Release 16.2      BUILD 16.2      UP20150629       15:07:36
/input,menust,tmp,''
/GRA,POWER
/GST,ON
/PLO,INFO,3
/GRO,CURL,ON
/CPLANE,1   
/REPLOT,RESIZE  
WPSTYLE,,,,,,,,0
c   
/COM,ANSYS RELEASE Release 16.2      BUILD 16.2      UP20150629       15:07:49
dcb_energy  
/ZOOM,1,RECT,0.232188,0.09614 ,0.858197071799 ,-0.333662462406  
c   
/COM,ANSYS RELEASE Release 16.2      BUILD 16.2      UP20150629       16:40:06
dcb_energy  
c   
/COM,ANSYS RELEASE Release 16.2      BUILD 16.2      UP20150629       17:56:06
dcb_energy  
allsel,all  
/DIST,1,1.08222638492,1 
/REP,FAST   
/ZOOM,1,RECT,0.194476,0.356284 ,0.910993036894 ,-0.420377000658 
FINISH  
! /EXIT,NOSAV   
/BATCH  
/COM,ANSYS RELEASE Release 16.2      BUILD 16.2      UP20150629       23:56:27
/input,menust,tmp,''
/GRA,POWER
/GST,ON
/PLO,INFO,3
/GRO,CURL,ON
/CPLANE,1   
/REPLOT,RESIZE  
WPSTYLE,,,,,,,,0
c   
/COM,ANSYS RELEASE Release 16.2      BUILD 16.2      UP20150629       23:56:36
dcb_energy  
c   
/COM,ANSYS RELEASE Release 16.2      BUILD 16.2      UP20150629       23:58:38
dcb_energy  
/ZOOM,1,RECT,0.654555,-0.273339 ,1.16743058164 ,-0.665439826154 
c   
/COM,ANSYS RELEASE Release 16.2      BUILD 16.2      UP20150629       00:09:18
dcb_energy  
dcb_energy  
/BATCH  
/COM,ANSYS RELEASE Release 16.2      BUILD 16.2      UP20150629       00:29:55
/input,menust,tmp,''
/GRA,POWER
/GST,ON
/PLO,INFO,3
/GRO,CURL,ON
/CPLANE,1   
/REPLOT,RESIZE  
WPSTYLE,,,,,,,,0
c   
/COM,ANSYS RELEASE Release 16.2      BUILD 16.2      UP20150629       00:30:25
dcb_energy  
c   
/COM,ANSYS RELEASE Release 16.2      BUILD 16.2      UP20150629       00:37:10
dcb_energy  
FINISH  
! /EXIT,NOSAV   
/BATCH  
/COM,ANSYS RELEASE Release 16.2      BUILD 16.2      UP20150629       04:01:11
/input,menust,tmp,''
/GRA,POWER
/GST,ON
/PLO,INFO,3
/GRO,CURL,ON
/CPLANE,1   
/REPLOT,RESIZE  
WPSTYLE,,,,,,,,0
c   
/COM,ANSYS RELEASE Release 16.2      BUILD 16.2      UP20150629       04:01:22
dcb_energy  
c   
/COM,ANSYS RELEASE Release 16.2      BUILD 16.2      UP20150629       04:13:50
dcb_energy  
dcb_energy  
/BATCH  
/COM,ANSYS RELEASE Release 16.2      BUILD 16.2      UP20150629       04:17:14
/input,menust,tmp,''
/GRA,POWER
/GST,ON
/PLO,INFO,3
/GRO,CURL,ON
/CPLANE,1   
/REPLOT,RESIZE  
WPSTYLE,,,,,,,,0
c   
/COM,ANSYS RELEASE Release 16.2      BUILD 16.2      UP20150629       04:17:25
dcb_energy  
c   
/COM,ANSYS RELEASE Release 16.2      BUILD 16.2      UP20150629       04:25:03
dcb_energy  
/ZOOM,1,RECT,0.903451,-0.0131957 ,1.46157953002 ,-0.593806077163
EPLOT   
/DIST,1,0.924021086472,1
/REP,FAST   
/DIST,1,0.924021086472,1
/REP,FAST   
/DIST,1,0.924021086472,1
/REP,FAST   
/DIST,1,0.924021086472,1
/REP,FAST   
/DIST,1,0.924021086472,1
/REP,FAST   
/DIST,1,0.924021086472,1
/REP,FAST   
/DIST,1,0.924021086472,1
/REP,FAST   
/DIST,1,0.924021086472,1
/REP,FAST   
/DIST,1,0.924021086472,1
/REP,FAST   
/DIST,1,0.924021086472,1
/REP,FAST   
/DIST,1,0.924021086472,1
/REP,FAST   
/DIST,1,0.924021086472,1
/REP,FAST   
/DIST,1,0.924021086472,1
/REP,FAST   
/DIST,1,0.924021086472,1
/REP,FAST   
/DIST,1,1.08222638492,1 
/REP,FAST   
/DIST,1,1.08222638492,1 
/REP,FAST   
/DIST,1,1.08222638492,1 
/REP,FAST   
/DIST,1,1.08222638492,1 
/REP,FAST   
/DIST,1,1.08222638492,1 
/REP,FAST   
/DIST,1,1.08222638492,1 
/REP,FAST   
/DIST,1,1.08222638492,1 
/REP,FAST   
/DIST,1,0.924021086472,1
/REP,FAST   
/DIST,1,0.924021086472,1
/REP,FAST   
c   
/COM,ANSYS RELEASE Release 16.2      BUILD 16.2      UP20150629       04:29:17
dcb_energy  
c   
/COM,ANSYS RELEASE Release 16.2      BUILD 16.2      UP20150629       04:31:02
dcb_energy  
FINISH  
! /EXIT,NOSAV   
/BATCH  
/COM,ANSYS RELEASE Release 16.2      BUILD 16.2      UP20150629       14:35:35
/input,menust,tmp,''
/GRA,POWER
/GST,ON
/PLO,INFO,3
/GRO,CURL,ON
/CPLANE,1   
/REPLOT,RESIZE  
WPSTYLE,,,,,,,,0
dcb_
/COM,ANSYS RELEASE Release 16.2      BUILD 16.2      UP20150629       14:36:22
*SET,aw,1   
*SET,b,150  
*SET,t,10   
*SET,l,aw*0.05*b
*SET,E,3000 
*SET,mu,0.3 
*SET,H,0.4*b
model_dcb,b,t,l,E,mu,H  
raschet 
c   
/COM,ANSYS RELEASE Release 16.2      BUILD 16.2      UP20150629       14:45:53
dcb_
c   
/COM,ANSYS RELEASE Release 16.2      BUILD 16.2      UP20150629       14:46:40
dcb_
c   
/COM,ANSYS RELEASE Release 16.2      BUILD 16.2      UP20150629       14:48:07
dcb_
c   
/COM,ANSYS RELEASE Release 16.2      BUILD 16.2      UP20150629       14:48:52
dcb_
c   
/COM,ANSYS RELEASE Release 16.2      BUILD 16.2      UP20150629       14:51:15
dcb_
c   
/COM,ANSYS RELEASE Release 16.2      BUILD 16.2      UP20150629       14:52:11
*DIM,coeff,,209 
*vread,coeff(1,1),'C:\Users\Steplerchik\Desktop\–ù–ò–†—Å\–ü–∞—Ä–∞–º–µ—Ç—Ä–∏—á–µ—Å–∫–∏–π –î–ö–ë –æ–±—Ä–∞–∑–µ—Ü ANSYS\Data-out\coeff',txt,,IJK,19,1,,1
! (F20.0)   
c   
/COM,ANSYS RELEASE Release 16.2      BUILD 16.2      UP20150629       14:52:37
dcb_
/COM,ANSYS RELEASE Release 16.2      BUILD 16.2      UP20150629       14:52:56
dcb_
/COM,ANSYS RELEASE Release 16.2      BUILD 16.2      UP20150629       14:55:57
c   
/COM,ANSYS RELEASE Release 16.2      BUILD 16.2      UP20150629       14:55:59
dcb_
/COM,ANSYS RELEASE Release 16.2      BUILD 16.2      UP20150629       14:58:13
c   
/COM,ANSYS RELEASE Release 16.2      BUILD 16.2      UP20150629       15:03:40
dcb_
/COM,ANSYS RELEASE Release 16.2      BUILD 16.2      UP20150629       15:06:17
c   
/COM,ANSYS RELEASE Release 16.2      BUILD 16.2      UP20150629       15:06:19
dcb_
/COM,ANSYS RELEASE Release 16.2      BUILD 16.2      UP20150629       15:11:38
c   
/COM,ANSYS RELEASE Release 16.2      BUILD 16.2      UP20150629       15:12:40
dcb_
/COM,ANSYS RELEASE Release 16.2      BUILD 16.2      UP20150629       15:13:25
dcb_
/COM,ANSYS RELEASE Release 16.2      BUILD 16.2      UP20150629       15:15:29
c   
/COM,ANSYS RELEASE Release 16.2      BUILD 16.2      UP20150629       15:16:45
dcb_
/COM,ANSYS RELEASE Release 16.2      BUILD 16.2      UP20150629       15:17:16
c   
/COM,ANSYS RELEASE Release 16.2      BUILD 16.2      UP20150629       15:17:40
dcb_
/COM,ANSYS RELEASE Release 16.2      BUILD 16.2      UP20150629       15:18:22
c   
/COM,ANSYS RELEASE Release 16.2      BUILD 16.2      UP20150629       17:00:42
c   
/COM,ANSYS RELEASE Release 16.2      BUILD 16.2      UP20150629       17:00:44
dcb_
/COM,ANSYS RELEASE Release 16.2      BUILD 16.2      UP20150629       17:20:50
*CFOPEN,'C:\Users\Steplerchik\Desktop\–ù–ò–†—Å\–ü–∞—Ä–∞–º–µ—Ç—Ä–∏—á–µ—Å–∫–∏–π –î–ö–ë –æ–±—Ä–∞–∑–µ—Ü ANSYS\Data-out\coeff_04',txt,,  
/BATCH  
/COM,ANSYS RELEASE Release 16.2      BUILD 16.2      UP20150629       17:23:52
/input,menust,tmp,''
/GRA,POWER
/GST,ON
/PLO,INFO,3
/GRO,CURL,ON
/CPLANE,1   
/REPLOT,RESIZE  
WPSTYLE,,,,,,,,0
c   
/COM,ANSYS RELEASE Release 16.2      BUILD 16.2      UP20150629       17:24:02
dcb_
/COM,ANSYS RELEASE Release 16.2      BUILD 16.2      UP20150629       17:28:37
FINISH  
! /EXIT,NOSAV   
/BATCH  
/COM,ANSYS RELEASE Release 16.2      BUILD 16.2      UP20150629       22:37:23
/input,menust,tmp,''
/GRA,POWER
/GST,ON
/PLO,INFO,3
/GRO,CURL,ON
/CPLANE,1   
/REPLOT,RESIZE  
WPSTYLE,,,,,,,,0
dcb 
/COM,ANSYS RELEASE Release 16.2      BUILD 16.2      UP20150629       08:19:39
FINISH  
! /EXIT,NOSAV   
/BATCH  
/COM,ANSYS RELEASE Release 16.2      BUILD 16.2      UP20150629       18:41:20
/input,menust,tmp,''
/GRA,POWER
/GST,ON
/PLO,INFO,3
/GRO,CURL,ON
/CPLANE,1   
/REPLOT,RESIZE  
WPSTYLE,,,,,,,,0
*SET,aw,10  
*SET,b,150  
*SET,t,10   
*SET,l,aw*0.05*b
*SET,E,3000 
*SET,mu,0.3 
*SET,H,0.4*b
model_dcb,b,t,l,E,mu,H  
EPLOT   
/DIST,1,0.924021086472,1
/REP,FAST   
/DIST,1,0.924021086472,1
/REP,FAST   
/DIST,1,0.924021086472,1
/REP,FAST   
/DIST,1,1.08222638492,1 
/REP,FAST   
/DIST,1,1.08222638492,1 
/REP,FAST   
/DIST,1,1.08222638492,1 
/REP,FAST   
/DIST,1,1.08222638492,1 
/REP,FAST   
/DIST,1,1.08222638492,1 
/REP,FAST   
/USER,  1   
/VIEW,  1, -0.575120321367    ,  0.418958350480    ,  0.702645370378
/ANG,   1, -0.310568275948  
/REPLO  
/DIST,1,0.924021086472,1
/REP,FAST   
/DIST,1,0.924021086472,1
/REP,FAST   
/VIEW,1,,,1 
/ANG,1  
/REP,FAST   
/DIST,1,0.924021086472,1
/REP,FAST   
/DIST,1,0.924021086472,1
/REP,FAST   
/DIST,1,0.924021086472,1
/REP,FAST   
/DIST,1,0.924021086472,1
/REP,FAST   
/DIST,1,0.924021086472,1
/REP,FAST   
/DIST,1,0.924021086472,1
/REP,FAST   
/DIST,1,0.924021086472,1
/REP,FAST   
/DIST,1,0.924021086472,1
/REP,FAST   
/ZOOM,1,RECT,0.0360885,0.0320467 ,0.775231983794 ,-0.714452391253   
/DIST,1,0.924021086472,1
/REP,FAST   
/DIST,1,0.924021086472,1
/REP,FAST   
/DIST,1,1.08222638492,1 
/REP,FAST   
/DIST,1,1.08222638492,1 
/REP,FAST   
/ZOOM,1,RECT,-0.310856,0.439228 ,0.95624672126 ,-0.571184893271 
/DIST,1,1.08222638492,1 
/REP,FAST   
/DIST,1,1.08222638492,1 
/REP,FAST   
/DIST,1,1.08222638492,1 
/REP,FAST   
/DIST,1,1.08222638492,1 
/REP,FAST   
/DIST,1,1.08222638492,1 
/REP,FAST   
/DIST,1,1.08222638492,1 
/REP,FAST   
/ZOOM,1,RECT,-0.514498,0.703142 ,1.27302251182 ,-0.639048444947 
/DIST,1,1.08222638492,1 
/REP,FAST   
/DIST,1,1.08222638492,1 
/REP,FAST   
/DIST,1,1.08222638492,1 
/REP,FAST   
/DIST,1,1.08222638492,1 
/REP,FAST   
/DIST,1,0.924021086472,1
/REP,FAST   
/DIST,1,0.924021086472,1
/REP,FAST   
/DIST,1,0.924021086472,1
/REP,FAST   
/DIST,1,0.924021086472,1
/REP,FAST   
/DIST,1,0.924021086472,1
/REP,FAST   
/ZOOM,1,RECT,-0.152469,0.0207361 ,0.677182334334 ,-0.725762983199   
/ZOOM,1,RECT,-0.544667,0.835099 ,1.39369900347 ,-0.635278247631 
/ZOOM,1,RECT,-0.967035,0.767235 ,1.54454461802 ,-0.793626534875 
/DIST,1,0.924021086472,1
/REP,FAST   
/DIST,1,0.924021086472,1
/REP,FAST   
/DIST,1,0.924021086472,1
/REP,FAST   
/DIST,1,0.924021086472,1
/REP,FAST   
/PLOPTS,INFO,3  
/PLOPTS,LEG1,0  
/PLOPTS,LEG2,1  
/PLOPTS,LEG3,1  
/PLOPTS,FRAME,1 
/PLOPTS,TITLE,1 
/PLOPTS,MINM,1  
/PLOPTS,FILE,0  
/PLOPTS,LOGO,1  
/PLOPTS,WINS,1  
/PLOPTS,WP,0
/PLOPTS,DATE,2  
/TRIAD,ORIG 
/REPLOT 
!*  
/PLOPTS,INFO,3  
/PLOPTS,LEG1,1  
/PLOPTS,LEG2,1  
/PLOPTS,LEG3,1  
/PLOPTS,FRAME,1 
/PLOPTS,TITLE,1 
/PLOPTS,MINM,1  
/PLOPTS,FILE,0  
/PLOPTS,LOGO,1  
/PLOPTS,WINS,1  
/PLOPTS,WP,0
/PLOPTS,DATE,2  
/TRIAD,ORIG 
/REPLOT 
!*  
/PLOPTS,INFO,0  
/PLOPTS,LEG1,1  
/PLOPTS,LEG2,1  
/PLOPTS,LEG3,1  
/PLOPTS,FRAME,1 
/PLOPTS,TITLE,1 
/PLOPTS,MINM,1  
/PLOPTS,FILE,0  
/PLOPTS,LOGO,1  
/PLOPTS,WINS,1  
/PLOPTS,WP,0
/PLOPTS,DATE,2  
/TRIAD,ORIG 
/REPLOT 
!*  
/PLOPTS,INFO,0  
/PLOPTS,LEG1,1  
/PLOPTS,LEG2,1  
/PLOPTS,LEG3,1  
/PLOPTS,FRAME,1 
/PLOPTS,TITLE,1 
/PLOPTS,MINM,1  
/PLOPTS,FILE,0  
/PLOPTS,LOGO,0  
/PLOPTS,WINS,1  
/PLOPTS,WP,0
/PLOPTS,DATE,2  
/TRIAD,ORIG 
/REPLOT 
!*  
NPLOT   
/DIST,1,0.924021086472,1
/REP,FAST   
/DIST,1,0.924021086472,1
/REP,FAST   
/DIST,1,0.924021086472,1
/REP,FAST   
/ZOOM,1,RECT,-0.627632,0.130072 ,1.2654802311 ,-0.978366203325  
NPLOT   
EPLOT   
/DIST,1,0.924021086472,1
/REP,FAST   
/DIST,1,0.924021086472,1
/REP,FAST   
/DIST,1,0.924021086472,1
/REP,FAST   
NPLOT   
c   
/COM,ANSYS RELEASE Release 16.2      BUILD 16.2      UP20150629       19:42:45
*SET,aw,1   
*SET,b,150  
*SET,t,10   
*SET,l,aw*0.05*b
*SET,E,3000 
*SET,mu,0.3 
*SET,H,0.4*b
model_dcb,b,t,l,E,mu,H  
raschet 
/PLOPTS,INFO,2  
/PLOPTS,LEG1,1  
/PLOPTS,LEG2,1  
/PLOPTS,LEG3,1  
/PLOPTS,FRAME,1 
/PLOPTS,TITLE,1 
/PLOPTS,MINM,1  
/PLOPTS,FILE,0  
/PLOPTS,LOGO,1  
/PLOPTS,WINS,1  
/PLOPTS,WP,0
/PLOPTS,DATE,2  
/TRIAD,ORIG 
/REPLOT 
!*  
/PLOPTS,INFO,3  
/PLOPTS,LEG1,1  
/PLOPTS,LEG2,1  
/PLOPTS,LEG3,1  
/PLOPTS,FRAME,1 
/PLOPTS,TITLE,1 
/PLOPTS,MINM,1  
/PLOPTS,FILE,0  
/PLOPTS,LOGO,1  
/PLOPTS,WINS,1  
/PLOPTS,WP,0
/PLOPTS,DATE,2  
/TRIAD,ORIG 
/REPLOT 
!*  
c   
/COM,ANSYS RELEASE Release 16.2      BUILD 16.2      UP20150629       19:46:09
c   
/COM,ANSYS RELEASE Release 16.2      BUILD 16.2      UP20150629       19:46:13
*SET,aw,1   
*SET,b,150  
*SET,t,10   
*SET,l,aw*0.05*b
*SET,E,3000 
*SET,mu,0.3 
*SET,H,0.4*b
model_dcb,b,t,l,E,mu,H  
raschet 
FLST,2,2,1  
FITEM,2,1179
FITEM,2,16586   
!*  
PATH,stepchik,2,30,20,  
PPATH,P51X,1
PATH,STAT   
!*  
FINISH  
! /EXIT,NOSAV   
/BATCH  
/COM,ANSYS RELEASE Release 16.2      BUILD 16.2      UP20150629       00:10:43
/input,menust,tmp,''
/GRA,POWER
/GST,ON
/PLO,INFO,3
/GRO,CURL,ON
/CPLANE,1   
/REPLOT,RESIZE  
WPSTYLE,,,,,,,,0
/PREP7  
!*  
!*  
!*  
FINISH  
! /EXIT,NOSAV   
